app/build/intermediates/manifest_merge_blame_file/debug/manifest-merger-blame-debug-report.txt
1<?xml version="1.0" encoding="utf-8"?>
2<manifest xmlns:android="http://schemas.android.com/apk/res/android"
3    package="com.devops.redrops.app.debug"
4    android:versionCode="12"
5    android:versionName="1.2.1" >
6
7    <uses-sdk
8        android:minSdkVersion="21"
9        android:targetSdkVersion="29" />
10
11    <uses-permission android:name="android.permission.ACCESS_NETWORK_STATE" />
11-->src\main\AndroidManifest.xml:6:5-79
11-->src\main\AndroidManifest.xml:6:22-76
12    <uses-permission android:name="android.permission.INTERNET" />
12-->src\main\AndroidManifest.xml:7:5-67
12-->src\main\AndroidManifest.xml:7:22-64
13    <uses-permission android:name="android.permission.FOREGROUND_SERVICE" />
13-->src\main\AndroidManifest.xml:8:5-77
13-->src\main\AndroidManifest.xml:8:22-74
14    <uses-permission
14-->src\main\AndroidManifest.xml:9:5-11:38
15        android:name="android.permission.WRITE_EXTERNAL_STORAGE"
15-->src\main\AndroidManifest.xml:10:9-65
16        android:maxSdkVersion="28" />
16-->src\main\AndroidManifest.xml:11:9-35
17    <uses-permission android:name="android.permission.ACCESS_WIFI_STATE" />
17-->[com.facebook.flipper:flipper:0.30.1] AndroidManifest.xml:16:5-76
17-->[com.facebook.flipper:flipper:0.30.1] AndroidManifest.xml:16:22-73
18    <uses-permission android:name="android.permission.WAKE_LOCK" />
18-->[androidx.work:work-runtime:2.4.0] AndroidManifest.xml:25:5-68
18-->[androidx.work:work-runtime:2.4.0] AndroidManifest.xml:25:22-65
19    <uses-permission android:name="android.permission.RECEIVE_BOOT_COMPLETED" />
19-->[androidx.work:work-runtime:2.4.0] AndroidManifest.xml:27:5-81
19-->[androidx.work:work-runtime:2.4.0] AndroidManifest.xml:27:22-78
20
21    <application
21-->src\main\AndroidManifest.xml:13:5-87:19
22        android:name="com.devops.redrops.app.ReadropsDebugApp"
22-->src\main\AndroidManifest.xml:14:9-36
23        android:allowBackup="true"
23-->src\main\AndroidManifest.xml:15:9-35
24        android:appComponentFactory="androidx.core.app.CoreComponentFactory"
24-->[androidx.core:core:1.3.2] AndroidManifest.xml:24:18-86
25        android:debuggable="true"
26        android:icon="@mipmap/ic_launcher"
26-->src\main\AndroidManifest.xml:16:9-43
27        android:label="@string/app_name"
27-->src\main\AndroidManifest.xml:17:9-41
28        android:requestLegacyExternalStorage="true"
28-->src\main\AndroidManifest.xml:18:9-52
29        android:supportsRtl="true"
29-->src\main\AndroidManifest.xml:19:9-35
30        android:testOnly="true"
31        android:theme="@style/AppTheme"
31-->src\main\AndroidManifest.xml:20:9-40
32        android:usesCleartextTraffic="true" >
32-->src\main\AndroidManifest.xml:21:9-44
33        <meta-data
33-->src\debug\AndroidManifest.xml:10:9-77
34            android:name="com.niddler.icon"
34-->src\debug\AndroidManifest.xml:10:20-51
35            android:value="android" />
35-->src\debug\AndroidManifest.xml:10:52-75
36
37        <provider
38            android:name="androidx.core.content.FileProvider"
39            android:authorities="com.devops.redrops.app.debug"
40            android:exported="false"
41            android:grantUriPermissions="true" >
42            <meta-data
43                android:name="android.support.FILE_PROVIDER_PATHS"
44                android:resource="@xml/file_paths" />
45        </provider>
46
47        <activity
47-->src\main\AndroidManifest.xml:34:9-36:47
48            android:name="com.devops.redrops.app.notifications.NotificationPermissionActivity"
48-->src\main\AndroidManifest.xml:35:13-73
49            android:theme="@style/AppTheme" />
49-->src\main\AndroidManifest.xml:36:13-44
50        <activity
50-->src\main\AndroidManifest.xml:38:9-40:59
51            android:name="com.devops.redrops.app.item.WebViewActivity"
51-->src\main\AndroidManifest.xml:39:13-49
52            android:theme="@style/AppTheme.NoActionBar" />
52-->src\main\AndroidManifest.xml:40:13-56
53
54        <service android:name="com.devops.redrops.app.utils.feedscolors.FeedsColorsIntentService" />
54-->src\main\AndroidManifest.xml:42:9-79
54-->src\main\AndroidManifest.xml:42:18-76
55
56        <receiver android:name="com.devops.redrops.app.notifications.sync.SyncWorker$MarkReadReceiver" />
56-->src\main\AndroidManifest.xml:44:9-84
56-->src\main\AndroidManifest.xml:44:19-81
57        <receiver android:name="com.devops.redrops.app.notifications.sync.SyncWorker$ReadLaterReceiver" />
57-->src\main\AndroidManifest.xml:45:9-85
57-->src\main\AndroidManifest.xml:45:19-82
58
59        <activity android:name="com.devops.redrops.app.settings.SettingsActivity" />
59-->src\main\AndroidManifest.xml:47:9-63
59-->src\main\AndroidManifest.xml:47:19-60
60        <activity
60-->src\main\AndroidManifest.xml:48:9-56:20
61            android:name="com.devops.redrops.app.SplashActivity"
61-->src\main\AndroidManifest.xml:49:13-43
62            android:theme="@style/SplashTheme" >
62-->src\main\AndroidManifest.xml:50:13-47
63            <intent-filter>
63-->src\main\AndroidManifest.xml:51:13-55:29
64                <action android:name="android.intent.action.MAIN" />
64-->src\main\AndroidManifest.xml:52:17-69
64-->src\main\AndroidManifest.xml:52:25-66
65
66                <category android:name="android.intent.category.LAUNCHER" />
66-->src\main\AndroidManifest.xml:54:17-77
66-->src\main\AndroidManifest.xml:54:27-74
67            </intent-filter>
68        </activity>
69        <activity android:name="com.devops.redrops.app.account.AccountTypeListActivity" />
69-->src\main\AndroidManifest.xml:57:9-69
69-->src\main\AndroidManifest.xml:57:19-66
70        <activity
70-->src\main\AndroidManifest.xml:58:9-60:51
71            android:name="com.devops.redrops.app.account.AddAccountActivity"
71-->src\main\AndroidManifest.xml:59:13-55
72            android:label="@string/add_account" />
72-->src\main\AndroidManifest.xml:60:13-48
73        <activity
73-->src\main\AndroidManifest.xml:61:9-65:59
74            android:name="com.devops.redrops.app.feedsfolders.ManageFeedsFoldersActivity"
74-->src\main\AndroidManifest.xml:62:13-68
75            android:label="@string/manage_feeds_folders"
75-->src\main\AndroidManifest.xml:63:13-57
76            android:parentActivityName="com.devops.redrops.app.itemslist.MainActivity"
76-->src\main\AndroidManifest.xml:64:13-65
77            android:theme="@style/AppTheme.NoActionBar" />
77-->src\main\AndroidManifest.xml:65:13-56
78        <activity
78-->src\main\AndroidManifest.xml:66:9-70:59
79            android:name="com.devops.redrops.app.itemslist.MainActivity"
79-->src\main\AndroidManifest.xml:67:13-51
80            android:label="@string/articles"
80-->src\main\AndroidManifest.xml:68:13-45
81            android:launchMode="singleTask"
81-->src\main\AndroidManifest.xml:69:13-44
82            android:theme="@style/AppTheme.NoActionBar" />
82-->src\main\AndroidManifest.xml:70:13-56
83        <activity
83-->src\main\AndroidManifest.xml:71:9-74:59
84            android:name="com.devops.redrops.app.item.ItemActivity"
84-->src\main\AndroidManifest.xml:72:13-46
85            android:parentActivityName="com.devops.redrops.app.itemslist.MainActivity"
85-->src\main\AndroidManifest.xml:73:13-65
86            android:theme="@style/AppTheme.NoActionBar" />
86-->src\main\AndroidManifest.xml:74:13-56
87        <activity
87-->src\main\AndroidManifest.xml:75:9-86:20
88            android:name="com.devops.redrops.app.addfeed.AddFeedActivity"
88-->src\main\AndroidManifest.xml:76:13-52
89            android:label="@string/add_feed_title"
89-->src\main\AndroidManifest.xml:77:13-51
90            android:parentActivityName="com.devops.redrops.app.itemslist.MainActivity" >
90-->src\main\AndroidManifest.xml:78:13-65
91            <intent-filter android:label="@string/new_feed" >
91-->src\main\AndroidManifest.xml:79:13-85:29
91-->src\main\AndroidManifest.xml:79:28-60
92                <action android:name="android.intent.action.SEND" />
92-->src\main\AndroidManifest.xml:80:17-69
92-->src\main\AndroidManifest.xml:80:25-66
93
94                <category android:name="android.intent.category.DEFAULT" />
94-->src\main\AndroidManifest.xml:82:17-76
94-->src\main\AndroidManifest.xml:82:27-73
95
96                <data android:mimeType="text/plain" />
96-->src\main\AndroidManifest.xml:84:17-55
96-->src\main\AndroidManifest.xml:84:23-52
97            </intent-filter>
98        </activity>
99
100        <meta-data
100-->[com.github.bumptech.glide:okhttp3-integration:4.11.0] AndroidManifest.xml:11:9-13:43
101            android:name="com.bumptech.glide.integration.okhttp3.OkHttpGlideModule"
101-->[com.github.bumptech.glide:okhttp3-integration:4.11.0] AndroidManifest.xml:12:13-84
102            android:value="GlideModule" />
102-->[com.github.bumptech.glide:okhttp3-integration:4.11.0] AndroidManifest.xml:13:13-40
103
104        <activity android:name="com.mikepenz.aboutlibraries.ui.LibsActivity" />
104-->[com.mikepenz:aboutlibraries:6.2.3] AndroidManifest.xml:12:9-80
104-->[com.mikepenz:aboutlibraries:6.2.3] AndroidManifest.xml:12:19-77
105
106        <service
106-->[androidx.work:work-runtime:2.4.0] AndroidManifest.xml:39:9-44:35
107            android:name="androidx.work.impl.background.systemalarm.SystemAlarmService"
107-->[androidx.work:work-runtime:2.4.0] AndroidManifest.xml:40:13-88
108            android:directBootAware="false"
108-->[androidx.work:work-runtime:2.4.0] AndroidManifest.xml:41:13-44
109            android:enabled="@bool/enable_system_alarm_service_default"
109-->[androidx.work:work-runtime:2.4.0] AndroidManifest.xml:42:13-72
110            android:exported="false" />
110-->[androidx.work:work-runtime:2.4.0] AndroidManifest.xml:43:13-37
111        <service
111-->[androidx.work:work-runtime:2.4.0] AndroidManifest.xml:45:9-51:35
112            android:name="androidx.work.impl.background.systemjob.SystemJobService"
112-->[androidx.work:work-runtime:2.4.0] AndroidManifest.xml:46:13-84
113            android:directBootAware="false"
113-->[androidx.work:work-runtime:2.4.0] AndroidManifest.xml:47:13-44
114            android:enabled="@bool/enable_system_job_service_default"
114-->[androidx.work:work-runtime:2.4.0] AndroidManifest.xml:48:13-70
115            android:exported="true"
115-->[androidx.work:work-runtime:2.4.0] AndroidManifest.xml:49:13-36
116            android:permission="android.permission.BIND_JOB_SERVICE" />
116-->[androidx.work:work-runtime:2.4.0] AndroidManifest.xml:50:13-69
117        <service
117-->[androidx.work:work-runtime:2.4.0] AndroidManifest.xml:52:9-57:35
118            android:name="androidx.work.impl.foreground.SystemForegroundService"
118-->[androidx.work:work-runtime:2.4.0] AndroidManifest.xml:53:13-81
119            android:directBootAware="false"
119-->[androidx.work:work-runtime:2.4.0] AndroidManifest.xml:54:13-44
120            android:enabled="@bool/enable_system_foreground_service_default"
120-->[androidx.work:work-runtime:2.4.0] AndroidManifest.xml:55:13-77
121            android:exported="false" />
121-->[androidx.work:work-runtime:2.4.0] AndroidManifest.xml:56:13-37
122
123        <receiver
123-->[androidx.work:work-runtime:2.4.0] AndroidManifest.xml:59:9-64:35
124            android:name="androidx.work.impl.utils.ForceStopRunnable$BroadcastReceiver"
124-->[androidx.work:work-runtime:2.4.0] AndroidManifest.xml:60:13-88
125            android:directBootAware="false"
125-->[androidx.work:work-runtime:2.4.0] AndroidManifest.xml:61:13-44
126            android:enabled="true"
126-->[androidx.work:work-runtime:2.4.0] AndroidManifest.xml:62:13-35
127            android:exported="false" />
127-->[androidx.work:work-runtime:2.4.0] AndroidManifest.xml:63:13-37
128        <receiver
128-->[androidx.work:work-runtime:2.4.0] AndroidManifest.xml:65:9-75:20
129            android:name="androidx.work.impl.background.systemalarm.ConstraintProxy$BatteryChargingProxy"
129-->[androidx.work:work-runtime:2.4.0] AndroidManifest.xml:66:13-106
130            android:directBootAware="false"
130-->[androidx.work:work-runtime:2.4.0] AndroidManifest.xml:67:13-44
131            android:enabled="false"
131-->[androidx.work:work-runtime:2.4.0] AndroidManifest.xml:68:13-36
132            android:exported="false" >
132-->[androidx.work:work-runtime:2.4.0] AndroidManifest.xml:69:13-37
133            <intent-filter>
133-->[androidx.work:work-runtime:2.4.0] AndroidManifest.xml:71:13-74:29
134                <action android:name="android.intent.action.ACTION_POWER_CONNECTED" />
134-->[androidx.work:work-runtime:2.4.0] AndroidManifest.xml:72:17-87
134-->[androidx.work:work-runtime:2.4.0] AndroidManifest.xml:72:25-84
135                <action android:name="android.intent.action.ACTION_POWER_DISCONNECTED" />
135-->[androidx.work:work-runtime:2.4.0] AndroidManifest.xml:73:17-90
135-->[androidx.work:work-runtime:2.4.0] AndroidManifest.xml:73:25-87
136            </intent-filter>
137        </receiver>
138        <receiver
138-->[androidx.work:work-runtime:2.4.0] AndroidManifest.xml:76:9-86:20
139            android:name="androidx.work.impl.background.systemalarm.ConstraintProxy$BatteryNotLowProxy"
139-->[androidx.work:work-runtime:2.4.0] AndroidManifest.xml:77:13-104
140            android:directBootAware="false"
140-->[androidx.work:work-runtime:2.4.0] AndroidManifest.xml:78:13-44
141            android:enabled="false"
141-->[androidx.work:work-runtime:2.4.0] AndroidManifest.xml:79:13-36
142            android:exported="false" >
142-->[androidx.work:work-runtime:2.4.0] AndroidManifest.xml:80:13-37
143            <intent-filter>
143-->[androidx.work:work-runtime:2.4.0] AndroidManifest.xml:82:13-85:29
144                <action android:name="android.intent.action.BATTERY_OKAY" />
144-->[androidx.work:work-runtime:2.4.0] AndroidManifest.xml:83:17-77
144-->[androidx.work:work-runtime:2.4.0] AndroidManifest.xml:83:25-74
145                <action android:name="android.intent.action.BATTERY_LOW" />
145-->[androidx.work:work-runtime:2.4.0] AndroidManifest.xml:84:17-76
145-->[androidx.work:work-runtime:2.4.0] AndroidManifest.xml:84:25-73
146            </intent-filter>
147        </receiver>
148        <receiver
148-->[androidx.work:work-runtime:2.4.0] AndroidManifest.xml:87:9-97:20
149            android:name="androidx.work.impl.background.systemalarm.ConstraintProxy$StorageNotLowProxy"
149-->[androidx.work:work-runtime:2.4.0] AndroidManifest.xml:88:13-104
150            android:directBootAware="false"
150-->[androidx.work:work-runtime:2.4.0] AndroidManifest.xml:89:13-44
151            android:enabled="false"
151-->[androidx.work:work-runtime:2.4.0] AndroidManifest.xml:90:13-36
152            android:exported="false" >
152-->[androidx.work:work-runtime:2.4.0] AndroidManifest.xml:91:13-37
153            <intent-filter>
153-->[androidx.work:work-runtime:2.4.0] AndroidManifest.xml:93:13-96:29
154                <action android:name="android.intent.action.DEVICE_STORAGE_LOW" />
154-->[androidx.work:work-runtime:2.4.0] AndroidManifest.xml:94:17-83
154-->[androidx.work:work-runtime:2.4.0] AndroidManifest.xml:94:25-80
155                <action android:name="android.intent.action.DEVICE_STORAGE_OK" />
155-->[androidx.work:work-runtime:2.4.0] AndroidManifest.xml:95:17-82
155-->[androidx.work:work-runtime:2.4.0] AndroidManifest.xml:95:25-79
156            </intent-filter>
157        </receiver>
158        <receiver
158-->[androidx.work:work-runtime:2.4.0] AndroidManifest.xml:98:9-107:20
159            android:name="androidx.work.impl.background.systemalarm.ConstraintProxy$NetworkStateProxy"
159-->[androidx.work:work-runtime:2.4.0] AndroidManifest.xml:99:13-103
160            android:directBootAware="false"
160-->[androidx.work:work-runtime:2.4.0] AndroidManifest.xml:100:13-44
161            android:enabled="false"
161-->[androidx.work:work-runtime:2.4.0] AndroidManifest.xml:101:13-36
162            android:exported="false" >
162-->[androidx.work:work-runtime:2.4.0] AndroidManifest.xml:102:13-37
163            <intent-filter>
163-->[androidx.work:work-runtime:2.4.0] AndroidManifest.xml:104:13-106:29
164                <action android:name="android.net.conn.CONNECTIVITY_CHANGE" />
164-->[androidx.work:work-runtime:2.4.0] AndroidManifest.xml:105:17-79
164-->[androidx.work:work-runtime:2.4.0] AndroidManifest.xml:105:25-76
165            </intent-filter>
166        </receiver>
167        <receiver
167-->[androidx.work:work-runtime:2.4.0] AndroidManifest.xml:108:9-119:20
168            android:name="androidx.work.impl.background.systemalarm.RescheduleReceiver"
168-->[androidx.work:work-runtime:2.4.0] AndroidManifest.xml:109:13-88
169            android:directBootAware="false"
169-->[androidx.work:work-runtime:2.4.0] AndroidManifest.xml:110:13-44
170            android:enabled="false"
170-->[androidx.work:work-runtime:2.4.0] AndroidManifest.xml:111:13-36
171            android:exported="false" >
171-->[androidx.work:work-runtime:2.4.0] AndroidManifest.xml:112:13-37
172            <intent-filter>
172-->[androidx.work:work-runtime:2.4.0] AndroidManifest.xml:114:13-118:29
173                <action android:name="android.intent.action.BOOT_COMPLETED" />
173-->[androidx.work:work-runtime:2.4.0] AndroidManifest.xml:115:17-79
173-->[androidx.work:work-runtime:2.4.0] AndroidManifest.xml:115:25-76
174                <action android:name="android.intent.action.TIME_SET" />
174-->[androidx.work:work-runtime:2.4.0] AndroidManifest.xml:116:17-73
174-->[androidx.work:work-runtime:2.4.0] AndroidManifest.xml:116:25-70
175                <action android:name="android.intent.action.TIMEZONE_CHANGED" />
175-->[androidx.work:work-runtime:2.4.0] AndroidManifest.xml:117:17-81
175-->[androidx.work:work-runtime:2.4.0] AndroidManifest.xml:117:25-78
176            </intent-filter>
177        </receiver>
178        <receiver
178-->[androidx.work:work-runtime:2.4.0] AndroidManifest.xml:120:9-129:20
179            android:name="androidx.work.impl.background.systemalarm.ConstraintProxyUpdateReceiver"
179-->[androidx.work:work-runtime:2.4.0] AndroidManifest.xml:121:13-99
180            android:directBootAware="false"
180-->[androidx.work:work-runtime:2.4.0] AndroidManifest.xml:122:13-44
181            android:enabled="@bool/enable_system_alarm_service_default"
181-->[androidx.work:work-runtime:2.4.0] AndroidManifest.xml:123:13-72
182            android:exported="false" >
182-->[androidx.work:work-runtime:2.4.0] AndroidManifest.xml:124:13-37
183            <intent-filter>
183-->[androidx.work:work-runtime:2.4.0] AndroidManifest.xml:126:13-128:29
184                <action android:name="androidx.work.impl.background.systemalarm.UpdateProxies" />
184-->[androidx.work:work-runtime:2.4.0] AndroidManifest.xml:127:17-98
184-->[androidx.work:work-runtime:2.4.0] AndroidManifest.xml:127:25-95
185            </intent-filter>
186        </receiver>
187        <receiver
187-->[androidx.work:work-runtime:2.4.0] AndroidManifest.xml:130:9-140:20
188            android:name="androidx.work.impl.diagnostics.DiagnosticsReceiver"
188-->[androidx.work:work-runtime:2.4.0] AndroidManifest.xml:131:13-78
189            android:directBootAware="false"
189-->[androidx.work:work-runtime:2.4.0] AndroidManifest.xml:132:13-44
190            android:enabled="true"
190-->[androidx.work:work-runtime:2.4.0] AndroidManifest.xml:133:13-35
191            android:exported="true"
191-->[androidx.work:work-runtime:2.4.0] AndroidManifest.xml:134:13-36
192            android:permission="android.permission.DUMP" >
192-->[androidx.work:work-runtime:2.4.0] AndroidManifest.xml:135:13-57
193            <intent-filter>
193-->[androidx.work:work-runtime:2.4.0] AndroidManifest.xml:137:13-139:29
194                <action android:name="androidx.work.diagnostics.REQUEST_DIAGNOSTICS" />
194-->[androidx.work:work-runtime:2.4.0] AndroidManifest.xml:138:17-88
194-->[androidx.work:work-runtime:2.4.0] AndroidManifest.xml:138:25-85
195            </intent-filter>
196        </receiver>
197
198        <provider
198-->[androidx.lifecycle:lifecycle-process:2.2.0] AndroidManifest.xml:25:9-29:43
199            android:name="androidx.lifecycle.ProcessLifecycleOwnerInitializer"
199-->[androidx.lifecycle:lifecycle-process:2.2.0] AndroidManifest.xml:26:13-79
200            android:authorities="com.devops.redrops.app.debug.lifecycle-process"
200-->[androidx.lifecycle:lifecycle-process:2.2.0] AndroidManifest.xml:27:13-69
201            android:exported="false"
201-->[androidx.lifecycle:lifecycle-process:2.2.0] AndroidManifest.xml:28:13-37
202            android:multiprocess="true" />
202-->[androidx.lifecycle:lifecycle-process:2.2.0] AndroidManifest.xml:29:13-40
203
204        <service
204-->[androidx.room:room-runtime:2.2.5] AndroidManifest.xml:25:9-28:40
205            android:name="androidx.room.MultiInstanceInvalidationService"
205-->[androidx.room:room-runtime:2.2.5] AndroidManifest.xml:26:13-74
206            android:directBootAware="true"
206-->[androidx.room:room-runtime:2.2.5] AndroidManifest.xml:27:13-43
207            android:exported="false" />
207-->[androidx.room:room-runtime:2.2.5] AndroidManifest.xml:28:13-37
208        <service
208-->[com.icapps.niddler:niddler:1.2.0] AndroidManifest.xml:8:9-11:46
209            android:name="com.icapps.niddler.service.NiddlerService"
209-->[com.icapps.niddler:niddler:1.2.0] AndroidManifest.xml:9:13-69
210            android:exported="false"
210-->[com.icapps.niddler:niddler:1.2.0] AndroidManifest.xml:10:13-37
211            android:label="Niddler server" />
211-->[com.icapps.niddler:niddler:1.2.0] AndroidManifest.xml:11:13-43
212    </application>
213
214</manifest>